  StdAfx.cpp
f:\program files (x86)\microsoft visual studio 14.0\vc\atlmfc\include\afx.h(38): warning C4996: 'MBCS_Support_Deprecated_In_MFC': MBCS support in MFC is deprecated and may be removed in a future version of MFC.
  f:\program files (x86)\microsoft visual studio 14.0\vc\atlmfc\include\afx.h(33): note: 参见“MBCS_Support_Deprecated_In_MFC”的声明
  _WIN32_WINNT not defined. Defaulting to _WIN32_WINNT_MAXVER (see WinSDKVer.h)
e:\wangcfgh\git_code\ctwl_chunksvr_analysis\xzmo_trunk\common\newtaskreq.h(74): warning C4200: 使用了非标准扩展: 结构/联合中的零大小数组
  e:\wangcfgh\git_code\ctwl_chunksvr_analysis\xzmo_trunk\common\newtaskreq.h(74): note: 默认构造函数或 copy/move 赋值运算符将忽略此成员
e:\wangcfgh\git_code\ctwl_chunksvr_analysis\xzmo_trunk\common\newtaskreq.h(104): warning C4200: 使用了非标准扩展: 结构/联合中的零大小数组
  e:\wangcfgh\git_code\ctwl_chunksvr_analysis\xzmo_trunk\common\newtaskreq.h(104): note: 默认构造函数或 copy/move 赋值运算符将忽略此成员
e:\wangcfgh\git_code\ctwl_chunksvr_analysis\xzmo_trunk\common\newtaskreq.h(141): warning C4200: 使用了非标准扩展: 结构/联合中的零大小数组
  e:\wangcfgh\git_code\ctwl_chunksvr_analysis\xzmo_trunk\common\newtaskreq.h(141): note: 默认构造函数或 copy/move 赋值运算符将忽略此成员
e:\wangcfgh\git_code\ctwl_chunksvr_analysis\xzmo_trunk\common\newtaskreq.h(161): warning C4200: 使用了非标准扩展: 结构/联合中的零大小数组
  e:\wangcfgh\git_code\ctwl_chunksvr_analysis\xzmo_trunk\common\newtaskreq.h(161): note: 默认构造函数或 copy/move 赋值运算符将忽略此成员
  WxTaskModule.cpp
  TreasureModule.cpp
  TestPbModule.cpp
  TaskModule.cpp
  RobotPlayerData.cpp
  Main.cpp
e:\wangcfgh\git_code\ctwl_chunksvr_analysis\xzmo_trunk\gamechunksvr_s\main.cpp(295): warning C4996: 'strcpy': This function or variable may be unsafe. Consider using strcpy_s instead. To disable deprecation, use _CRT_SECURE_NO_WARNINGS. See online help for details.
  c:\program files (x86)\windows kits\10\include\10.0.10240.0\ucrt\string.h(119): note: 参见“strcpy”的声明
e:\wangcfgh\git_code\ctwl_chunksvr_analysis\xzmo_trunk\common\plana\event\event.h(359): error C2338: Can`t Convert
  e:\wangcfgh\git_code\ctwl_chunksvr_analysis\xzmo_trunk\gamechunksvr_s\main.cpp(50): note: 参见对正在编译的函数 模板 实例化“plana::events::Delegate<DBConnectPool,2,BOOL &,TcyMsgCenter *> plana::events::delegate<GameDBConnectPool,DBConnectPool,BOOL&,TcyMsgCenter*>(std::weak_ptr<GameDBConnectPool>,void (__thiscall DBConnectPool::* )(BOOL &,TcyMsgCenter *))”的引用
e:\wangcfgh\git_code\ctwl_chunksvr_analysis\xzmo_trunk\common\plana\event\event.h(368): error C2338: Can`t Convert
  e:\wangcfgh\git_code\ctwl_chunksvr_analysis\xzmo_trunk\gamechunksvr_s\main.cpp(57): note: 参见对正在编译的函数 模板 实例化“plana::events::Delegate<SimpleSubClient,0,BOOL &,TcyMsgCenter *> plana::events::delegate<C,SimpleSubClient,BOOL&,TcyMsgCenter*>(O1 *,void (__thiscall SimpleSubClient::* )(BOOL &,TcyMsgCenter *))”的引用
          with
          [
              C=OnlineClient,
              O1=OnlineClient
          ]
e:\wangcfgh\git_code\ctwl_chunksvr_analysis\xzmo_trunk\common\plana\event\event.h(748): error C2338: Can`t Convert
  e:\wangcfgh\git_code\ctwl_chunksvr_analysis\xzmo_trunk\gamechunksvr_s\main.cpp(74): note: 参见对正在编译的函数 模板 实例化“plana::events::FunctionWrapper<void (LPCONTEXT_HEAD,REQUEST &)> plana::events::make_function_wrapper<MainServer,MainServer,void,LPCONTEXT_HEAD,REQUEST&>(O1 *,R (__thiscall MainServer::* )(LPCONTEXT_HEAD,REQUEST &))”的引用
          with
          [
              O1=MainServer,
              R=void
          ]
e:\wangcfgh\git_code\ctwl_chunksvr_analysis\xzmo_trunk\common\dbconnectpool\dbconnectpool.h(129): error C2338: Entry Must Driver from PoolEntry
  e:\wangcfgh\git_code\ctwl_chunksvr_analysis\xzmo_trunk\gamechunksvr_s\main.cpp(76): note: 参见对正在编译的函数 模板 实例化“std::future<int> DBConnectPool::dbInvokeByStrand<int,DBConnectEntry>(const std::string &,std::function<int (DBConnectEntry *)>)”的引用
e:\wangcfgh\git_code\ctwl_chunksvr_analysis\xzmo_trunk\common\plana\event\event.h(758): error C2338: Can`t Convert
  e:\wangcfgh\git_code\ctwl_chunksvr_analysis\xzmo_trunk\gamechunksvr_s\main.cpp(76): note: 参见对正在编译的函数 模板 实例化“plana::events::FunctionWrapper<std::future<int> (const std::string &,std::function<int (DBConnectEntry *)>)> plana::events::make_function_wrapper<GameDBConnectPool,DBConnectPool,std::future<int>,const std::string&,std::function<int (DBConnectEntry *)>>(std::weak_ptr<GameDBConnectPool>,R (__thiscall DBConnectPool::* )(const std::string &,std::function<int (DBConnectEntry *)>))”的引用
          with
          [
              R=std::future<int>
          ]
e:\wangcfgh\git_code\ctwl_chunksvr_analysis\xzmo_trunk\common\dbconnectpool\dbconnectpool.h(150): error C2338: Entry Must Driver from PoolEntry
  e:\wangcfgh\git_code\ctwl_chunksvr_analysis\xzmo_trunk\gamechunksvr_s\main.cpp(93): note: 参见对正在编译的函数 模板 实例化“std::future<void> DBConnectPool::dbInvokeByStrand<void,DBConnectEntry>(const std::string &,std::function<void (DBConnectEntry *)>)”的引用
  MainServer.cpp
  Predefine.cpp
  PlayerInfoModule.cpp
  SimpleSubClient.cpp
  PlayerLogon.cpp
  GameDBConnectPool.cpp
  BroadToMobile.cpp
  TcySockSvr.cpp
  TcySockClient.cpp
  TcyMsgCenter.cpp
  TcyInputTest.cpp
  MySvrInOut.cpp
  DumpUnhandleException.cpp
c:\program files (x86)\windows kits\8.1\include\um\dbghelp.h(1544): warning C4091: “typedef ”: 没有声明变量时忽略“”的左侧
c:\program files (x86)\windows kits\8.1\include\um\dbghelp.h(3190): warning C4091: “typedef ”: 没有声明变量时忽略“”的左侧
  DingTalkRobot.cpp
  正在生成代码...
  正在编译...
  EventPools.cpp
  Component.cpp
  HttpClient.cpp
  TcySqlSvrConnect.cpp
  TcyMySqlConnect.cpp
  DBConnectPool.cpp
  正在生成代码...
